# do {tb_top_compile.do}
# Model Technology ModelSim SE-64 vmap 2020.4 Lib Mapping Utility 2020.10 Oct 13 2020
# vmap xil_defaultlib modelsim_lib/msim/xil_defaultlib 
# Modifying modelsim.ini
# ** Warning: (vlog-159) Mode option -64 is not supported in this context and will be ignored.
# Model Technology ModelSim SE-64 vlog 2020.4 Compiler 2020.10 Oct 13 2020
# Start time: 23:37:48 on Jun 13,2025
# vlog -64 -incr -work xil_defaultlib ../../../../MCU_MOV_shift.srcs/sources_1/ip/dist_mem_gen_0/sim/dist_mem_gen_0.v ../../../../../../rtl/adder.v ../../../../../../rtl/alu.v ../../../../../../rtl/arm.v ../../../../../../rtl/condlogic.v ../../../../../../rtl/controller.v ../../../../../../rtl/datapath.v ../../../../../../rtl/decoder.v ../../../../../../rtl/dmem.v ../../../../../../rtl/extend.v ../../../../../../rtl/flopenr.v ../../../../../../rtl/flopr.v ../../../../../../rtl/imem.v ../../../../../../rtl/mux2.v ../../../../../../rtl/regfile.v ../../../../../../rtl/shifter.v ../../../../../../rtl/top.v ../../../../../../sim/tb.v 
# -- Compiling module dist_mem_gen_0
# -- Compiling module adder
# -- Compiling module alu
# -- Compiling module arm
# -- Compiling module condlogic
# -- Compiling module condcheck
# -- Compiling module controller
# -- Compiling module datapath
# -- Compiling module decoder
# -- Compiling module dmem
# -- Compiling module extend
# -- Compiling module flopenr
# -- Compiling module flopr
# -- Compiling module imem
# -- Compiling module mux2
# -- Compiling module regfile
# -- Compiling module shifter
# -- Compiling module top
# -- Compiling module tb_top
# 
# Top level modules:
# 	tb_top
# End time: 23:37:48 on Jun 13,2025, Elapsed time: 0:00:00
# Errors: 0, Warnings: 1
# Model Technology ModelSim SE-64 vlog 2020.4 Compiler 2020.10 Oct 13 2020
# Start time: 23:37:48 on Jun 13,2025
# vlog -work xil_defaultlib glbl.v 
# -- Compiling module glbl
# 
# Top level modules:
# 	glbl
# End time: 23:37:48 on Jun 13,2025, Elapsed time: 0:00:00
# Errors: 0, Warnings: 0
