#-----------------------------------------------------------
# Vivado v2019.2 (64-bit)
# SW Build 2708876 on Wed Nov  6 21:40:23 MST 2019
# IP Build 2700528 on Thu Nov  7 00:09:20 MST 2019
# Start of session at: Tue Jun 17 12:29:28 2025
# Process ID: 8004
# Current directory: Y:/Code/Digital_Design_MCU/ALU_stu_18
# Command line: vivado.exe -gui_launcher_event rodinguilauncherevent2572 Y:\Code\Digital_Design_MCU\ALU_stu_18\ALU_stu_18.xpr
# Log file: Y:/Code/Digital_Design_MCU/ALU_stu_18/vivado.log
# Journal file: Y:/Code/Digital_Design_MCU/ALU_stu_18\vivado.jou
#-----------------------------------------------------------
start_gui
open_project Y:/Code/Digital_Design_MCU/ALU_stu_18/ALU_stu_18.xpr
CRITICAL WARNING: [Project 1-19] Could not find the file 'Y:/Code/Digital_Design_MCU/ALU_gate/rtl/ALU_top.v'.
CRITICAL WARNING: [Project 1-19] Could not find the file 'Y:/Code/Digital_Design_MCU/ALU_gate/rtl/prefix_cells.v'.
CRITICAL WARNING: [Project 1-19] Could not find the file 'Y:/Code/Digital_Design_MCU/ALU_gate/rtl/cla4.v'.
Scanning sources...
Finished scanning sources
INFO: [IP_Flow 19-234] Refreshing IP repositories
INFO: [IP_Flow 19-1704] No user IP repositories specified
INFO: [IP_Flow 19-2313] Loaded Vivado IP repository 'E:/Xilinx/Vivado/2019.2/data/ip'.
open_project: Time (s): cpu = 00:00:13 ; elapsed = 00:00:12 . Memory (MB): peak = 1021.602 ; gain = 261.988
update_compile_order -fileset sources_1
exit
INFO: [Common 17-206] Exiting Vivado at Tue Jun 17 12:30:39 2025...
