# do {tb_top_compile.do}
# ** Warning: (vlib-34) Library already exists at "modelsim_lib/work".
# Errors: 0, Warnings: 1
# ** Warning: (vlib-34) Library already exists at "modelsim_lib/msim".
# Errors: 0, Warnings: 1
# ** Warning: (vlib-34) Library already exists at "modelsim_lib/msim/xil_defaultlib".
# Errors: 0, Warnings: 1
# Model Technology ModelSim SE-64 vmap 2020.4 Lib Mapping Utility 2020.10 Oct 13 2020
# vmap xil_defaultlib modelsim_lib/msim/xil_defaultlib 
# Modifying modelsim.ini
# ** Warning: (vlog-159) Mode option -64 is not supported in this context and will be ignored.
# Model Technology ModelSim SE-64 vlog 2020.4 Compiler 2020.10 Oct 13 2020
# Start time: 17:17:38 on Jun 14,2025
# vlog -64 -incr -work xil_defaultlib ../../../../MCU_MUL.srcs/sources_1/ip/dist_mem_gen_0/sim/dist_mem_gen_0.v 
# -- Skipping module dist_mem_gen_0
# 
# Top level modules:
# 	dist_mem_gen_0
# End time: 17:17:38 on Jun 14,2025, Elapsed time: 0:00:00
# Errors: 0, Warnings: 1
# ** Warning: (vcom-159) Mode option -64 is not supported in this context and will be ignored.
# Model Technology ModelSim SE-64 vcom 2020.4 Compiler 2020.10 Oct 13 2020
# Start time: 17:17:38 on Jun 14,2025
# vcom -64 -93 -work xil_defaultlib ../../../../MCU_MUL.srcs/sources_1/ip/mult_gen_0/sim/mult_gen_0.vhd 
# -- Loading package STANDARD
# -- Loading package TEXTIO
# -- Loading package std_logic_1164
# -- Loading package NUMERIC_STD
# -- Compiling entity mult_gen_0
# -- Compiling architecture mult_gen_0_arch of mult_gen_0
# End time: 17:17:38 on Jun 14,2025, Elapsed time: 0:00:00
# Errors: 0, Warnings: 1
# ** Warning: (vlog-159) Mode option -64 is not supported in this context and will be ignored.
# Model Technology ModelSim SE-64 vlog 2020.4 Compiler 2020.10 Oct 13 2020
# Start time: 17:17:39 on Jun 14,2025
# vlog -64 -incr -work xil_defaultlib ../../../../../../rtl/adder.v ../../../../../../rtl/alu.v ../../../../../../rtl/arm.v ../../../../../../rtl/condlogic.v ../../../../../../rtl/controller.v ../../../../../../rtl/datapath.v ../../../../../../rtl/decoder.v ../../../../../../rtl/dmem.v ../../../../../../rtl/extend.v ../../../../../../rtl/flopenr.v ../../../../../../rtl/flopr.v ../../../../../../rtl/imem.v ../../../../../../rtl/mux2.v ../../../../../../rtl/mux3.v ../../../../../../rtl/regfile.v ../../../../../../rtl/shifter.v ../../../../../../rtl/top.v ../../../../../../sim/tb.v 
# -- Skipping module adder
# -- Skipping module alu
# -- Skipping module arm
# -- Skipping module condlogic
# -- Skipping module condcheck
# -- Skipping module controller
# -- Skipping module datapath
# -- Skipping module decoder
# -- Skipping module dmem
# -- Skipping module extend
# -- Skipping module flopenr
# -- Skipping module flopr
# -- Skipping module imem
# -- Skipping module mux2
# -- Skipping module mux3
# -- Skipping module regfile
# -- Skipping module shifter
# -- Skipping module top
# -- Skipping module tb_top
# 
# Top level modules:
# 	tb_top
# End time: 17:17:39 on Jun 14,2025, Elapsed time: 0:00:00
# Errors: 0, Warnings: 1
# Model Technology ModelSim SE-64 vlog 2020.4 Compiler 2020.10 Oct 13 2020
# Start time: 17:17:39 on Jun 14,2025
# vlog -work xil_defaultlib glbl.v 
# -- Compiling module glbl
# 
# Top level modules:
# 	glbl
# End time: 17:17:39 on Jun 14,2025, Elapsed time: 0:00:00
# Errors: 0, Warnings: 0
