#-----------------------------------------------------------
# Vivado v2019.2 (64-bit)
# SW Build 2708876 on Wed Nov  6 21:40:23 MST 2019
# IP Build 2700528 on Thu Nov  7 00:09:20 MST 2019
# Start of session at: Thu May 15 22:18:42 2025
# Process ID: 4124
# Current directory: F:/vivado-project/ALU/prj/ALU
# Command line: vivado.exe -gui_launcher_event rodinguilauncherevent29272 F:\vivado-project\ALU\prj\ALU\ALU.xpr
# Log file: F:/vivado-project/ALU/prj/ALU/vivado.log
# Journal file: F:/vivado-project/ALU/prj/ALU\vivado.jou
#-----------------------------------------------------------
start_gui
open_project F:/vivado-project/ALU/prj/ALU/ALU.xpr
Scanning sources...
Finished scanning sources
INFO: [IP_Flow 19-234] Refreshing IP repositories
INFO: [IP_Flow 19-1704] No user IP repositories specified
INFO: [IP_Flow 19-2313] Loaded Vivado IP repository 'F:/Vivado/Vivado/2019.2/data/ip'.
update_compile_order -fileset sources_1
export_ip_user_files -of_objects  [get_files F:/vivado-project/ALU/prj/ALU/ALU.srcs/sources_1/imports/rtl/TB.v] -no_script -reset -force -quiet
remove_files  F:/vivado-project/ALU/prj/ALU/ALU.srcs/sources_1/imports/rtl/TB.v
export_ip_user_files -of_objects  [get_files F:/vivado-project/ALU/prj/ALU/ALU.srcs/sources_1/imports/rtl/ALU.v] -no_script -reset -force -quiet
remove_files  F:/vivado-project/ALU/prj/ALU/ALU.srcs/sources_1/imports/rtl/ALU.v
export_ip_user_files -of_objects  [get_files F:/vivado-project/ALU/prj/ALU/ALU.srcs/sources_1/imports/rtl/CLA.v] -no_script -reset -force -quiet
remove_files  F:/vivado-project/ALU/prj/ALU/ALU.srcs/sources_1/imports/rtl/CLA.v
export_ip_user_files -of_objects  [get_files F:/vivado-project/ALU/prj/ALU/ALU.srcs/sources_1/imports/rtl/SUM.v] -no_script -reset -force -quiet
remove_files  F:/vivado-project/ALU/prj/ALU/ALU.srcs/sources_1/imports/rtl/SUM.v
import_files -force -norecurse {F:/vivado-project/ALU/rtl/RCA.v F:/vivado-project/ALU/rtl/ALU.v}
update_compile_order -fileset sources_1
update_compile_order -fileset sources_1
import_files -force -norecurse F:/vivado-project/ALU/rtl/TB.v
update_compile_order -fileset sources_1
update_compile_order -fileset sources_1
launch_simulation
Command: launch_simulation 
INFO: [Vivado 12-5682] Launching behavioral simulation in 'F:/vivado-project/ALU/prj/ALU/ALU.sim/sim_1/behav/xsim'
INFO: [SIM-utils-51] Simulation object is 'sim_1'
INFO: [SIM-utils-54] Inspecting design source files for 'TB' in fileset 'sim_1'...
INFO: [USF-XSim-97] Finding global include files...
INFO: [USF-XSim-98] Fetching design files from 'sim_1'...
INFO: [USF-XSim-2] XSim::Compile design
INFO: [USF-XSim-61] Executing 'COMPILE and ANALYZE' step in 'F:/vivado-project/ALU/prj/ALU/ALU.sim/sim_1/behav/xsim'
"xvlog --incr --relax -prj TB_vlog.prj"
INFO: [VRFC 10-2263] Analyzing Verilog file "F:/vivado-project/ALU/prj/ALU/ALU.srcs/sources_1/imports/rtl/ALU.v" into library xil_defaultlib
INFO: [VRFC 10-311] analyzing module ALU32bit
INFO: [VRFC 10-2263] Analyzing Verilog file "F:/vivado-project/ALU/prj/ALU/ALU.srcs/sources_1/imports/rtl/RCA.v" into library xil_defaultlib
INFO: [VRFC 10-311] analyzing module full_adder
INFO: [VRFC 10-311] analyzing module ripple_carry_adder_32bit
INFO: [VRFC 10-2263] Analyzing Verilog file "F:/vivado-project/ALU/prj/ALU/ALU.srcs/sources_1/imports/rtl/mux2to1.v" into library xil_defaultlib
INFO: [VRFC 10-311] analyzing module mux_1to1_32bit
INFO: [VRFC 10-2263] Analyzing Verilog file "F:/vivado-project/ALU/prj/ALU/ALU.srcs/sources_1/imports/rtl/mux4to1.v" into library xil_defaultlib
INFO: [VRFC 10-311] analyzing module mux_4to1_32bit
INFO: [VRFC 10-2263] Analyzing Verilog file "F:/vivado-project/ALU/prj/ALU/ALU.srcs/sources_1/imports/rtl/TB.v" into library xil_defaultlib
INFO: [VRFC 10-311] analyzing module TB
INFO: [USF-XSim-69] 'compile' step finished in '1' seconds
INFO: [USF-XSim-3] XSim::Elaborate design
INFO: [USF-XSim-61] Executing 'ELABORATE' step in 'F:/vivado-project/ALU/prj/ALU/ALU.sim/sim_1/behav/xsim'
"xelab -wto 171e830da12045ee869fcebb298ccc48 --incr --debug typical --relax --mt 2 -L xil_defaultlib -L unisims_ver -L unimacro_ver -L secureip --snapshot TB_behav xil_defaultlib.TB xil_defaultlib.glbl -log elaborate.log"
Vivado Simulator 2019.2
Copyright 1986-1999, 2001-2019 Xilinx, Inc. All Rights Reserved.
Running: F:/Vivado/Vivado/2019.2/bin/unwrapped/win64.o/xelab.exe -wto 171e830da12045ee869fcebb298ccc48 --incr --debug typical --relax --mt 2 -L xil_defaultlib -L unisims_ver -L unimacro_ver -L secureip --snapshot TB_behav xil_defaultlib.TB xil_defaultlib.glbl -log elaborate.log 
Using 2 slave threads.
Starting static elaboration
Pass Through NonSizing Optimizer
Completed static elaboration
Starting simulation data flow analysis
Completed simulation data flow analysis
Time Resolution for simulation is 1ps
Compiling module xil_defaultlib.mux_1to1_32bit
Compiling module xil_defaultlib.full_adder
Compiling module xil_defaultlib.ripple_carry_adder_32bit_default
Compiling module xil_defaultlib.mux_4to1_32bit
Compiling module xil_defaultlib.ALU32bit
Compiling module xil_defaultlib.TB
Compiling module xil_defaultlib.glbl
Built simulation snapshot TB_behav
INFO: [USF-XSim-69] 'elaborate' step finished in '1' seconds
INFO: [USF-XSim-4] XSim::Simulate design
INFO: [USF-XSim-61] Executing 'SIMULATE' step in 'F:/vivado-project/ALU/prj/ALU/ALU.sim/sim_1/behav/xsim'
INFO: [USF-XSim-98] *** Running xsim
   with args "TB_behav -key {Behavioral:sim_1:Functional:TB} -tclbatch {TB.tcl} -log {simulate.log}"
INFO: [USF-XSim-8] Loading simulator feature
Vivado Simulator 2019.2
Time resolution is 1 ps
source TB.tcl
# set curr_wave [current_wave_config]
# if { [string length $curr_wave] == 0 } {
#   if { [llength [get_objects]] > 0} {
#     add_wave /
#     set_property needs_save false [current_wave_config]
#   } else {
#      send_msg_id Add_Wave-1 WARNING "No top level signals found. Simulator will start without a wave window. If you want to open a wave window go to 'File->New Waveform Configuration' or type 'create_wave_config' in the TCL console."
#   }
# }
# run 1000ns
INFO: [USF-XSim-96] XSim completed. Design snapshot 'TB_behav' loaded.
INFO: [USF-XSim-97] XSim simulation ran for 1000ns
launch_simulation: Time (s): cpu = 00:00:05 ; elapsed = 00:00:05 . Memory (MB): peak = 1094.168 ; gain = 55.914
close_sim
INFO: [Simtcl 6-16] Simulation closed
exit
INFO: [Common 17-206] Exiting Vivado at Thu May 15 22:21:42 2025...
