# do {tb_top_compile.do}
# Model Technology ModelSim SE-64 vmap 2020.4 Lib Mapping Utility 2020.10 Oct 13 2020
# vmap xil_defaultlib modelsim_lib/msim/xil_defaultlib 
# Modifying modelsim.ini
# Model Technology ModelSim SE-64 vlog 2020.4 Compiler 2020.10 Oct 13 2020
# Start time: 17:54:52 on Jul 04,2025
# vlog -incr -work xil_defaultlib "+incdir+../../../../../v200_MCU_multi.gen/sources_1/ip/clk_wiz_0" tb_top_time_impl.v ../../../../../../sim/tb.v 
# -- Compiling module RAM32M_UNIQ_BASE_
# -- Compiling module RAM32M_HD2080
# -- Compiling module RAM32M_HD2081
# -- Compiling module RAM32M_HD2082
# -- Compiling module RAM32M_HD2083
# -- Compiling module RAM32M_HD2084
# -- Compiling module RAM32M_HD2085
# -- Compiling module RAM32M_HD2086
# -- Compiling module RAM32M_HD2087
# -- Compiling module RAM32M_HD2088
# -- Compiling module RAM32M_HD2089
# -- Compiling module RAM32M_HD2090
# -- Compiling module RAM32M_HD2091
# -- Compiling module RAM32M_HD2092
# -- Compiling module RAM32M_HD2093
# -- Compiling module RAM32M_HD2094
# -- Compiling module RAM32M_HD2095
# -- Compiling module RAM32M_HD2096
# -- Compiling module RAM32M_HD2097
# -- Compiling module RAM32M_HD2098
# -- Compiling module RAM32M_HD2099
# -- Compiling module RAM32M_HD2100
# -- Compiling module RAM32M_HD2101
# -- Compiling module RAM32M_HD2102
# -- Compiling module RAM32M_HD2103
# -- Compiling module RAM32M_HD2104
# -- Compiling module RAM32M_HD2105
# -- Compiling module RAM32M_HD2106
# -- Compiling module RAM32M_HD2107
# -- Compiling module RAM32M_HD2108
# -- Compiling module RAM32M_HD2109
# -- Compiling module RAM32M_HD2110
# -- Compiling module RAM32M_HD2111
# -- Compiling module RAM32M_HD2112
# -- Compiling module RAM32M_HD2113
# -- Compiling module RAM32M_HD2114
# -- Compiling module RAM32M_HD2115
# -- Compiling module RAM32M_HD2116
# -- Compiling module RAM32M_HD2117
# -- Compiling module RAM32M_HD2118
# -- Compiling module RAM32M_HD2119
# -- Compiling module RAM32M_HD2120
# -- Compiling module RAM32M_HD2121
# -- Compiling module RAM32M_HD2122
# -- Compiling module RAM32M_HD2123
# -- Compiling module RAM32M_HD2124
# -- Compiling module RAM32M_HD2125
# -- Compiling module RAM32M_HD2126
# -- Compiling module RAM32M_HD2127
# -- Compiling module RAM32M_HD2128
# -- Compiling module RAM32M_HD2129
# -- Compiling module RAM32M_HD2130
# -- Compiling module RAM32M_HD2131
# -- Compiling module RAM32M_HD2132
# -- Compiling module RAM32M_HD2133
# -- Compiling module RAM32M_HD2134
# -- Compiling module RAM32M_HD2135
# -- Compiling module RAM32M_HD2136
# -- Compiling module RAM32M_HD2137
# -- Compiling module RAM32M_HD2138
# -- Compiling module RAM32M_HD2139
# -- Compiling module RAM32M_HD2140
# -- Compiling module RAM32M_HD2141
# -- Compiling module RAM32M_HD2142
# -- Compiling module RAM32M_HD2143
# -- Compiling module RAM32M_HD2144
# -- Compiling module RAM32M_HD2145
# -- Compiling module RAM32M_HD2146
# -- Compiling module RAM32M_HD2147
# -- Compiling module RAM32M_HD2148
# -- Compiling module RAM32M_HD2149
# -- Compiling module RAM32M_HD2150
# -- Compiling module RAM32M_HD2151
# -- Compiling module RAM32M_HD2152
# -- Compiling module RAM32M_HD2153
# -- Compiling module RAM32M_HD2154
# -- Compiling module RAM32M_HD2155
# -- Compiling module RAM32M_HD2156
# -- Compiling module RAM32M_HD2157
# -- Compiling module RAM32M_HD2158
# -- Compiling module RAM32M_HD2159
# -- Compiling module RAM32M_HD2160
# -- Compiling module RAM32M_HD2161
# -- Compiling module RAM32M_HD2162
# -- Compiling module RAM32M_HD2163
# -- Compiling module RAM32M_HD2164
# -- Compiling module RAM32M_HD2165
# -- Compiling module RAM32M_HD2166
# -- Compiling module RAM32M_HD2167
# -- Compiling module RAM32M_HD2168
# -- Compiling module RAM32M_HD2169
# -- Compiling module RAM32M_HD2170
# -- Compiling module RAM32M_HD2171
# -- Compiling module RAM32M_HD2172
# -- Compiling module RAM32M_HD2173
# -- Compiling module RAM32M_HD2174
# -- Compiling module RAM32M_HD2175
# -- Compiling module RAM32M_HD2176
# -- Compiling module RAM32M_HD2177
# -- Compiling module RAM32M_HD2178
# -- Compiling module RAM32M_HD2179
# -- Compiling module RAM32M_HD2180
# -- Compiling module clk_x_pntrs
# -- Compiling module clk_x_pntrs_7
# -- Compiling module dbg_hub
# -- Compiling module dmem_lib_work_13
# -- Compiling module dmem_13
# -- Compiling module fifo_generator_ramfifo
# -- Compiling module fifo_generator_ramfifo__parameterized0
# -- Compiling module fifo_generator_top
# -- Compiling module fifo_generator_top__parameterized0
# -- Compiling module fifo_generator_v13_1_4
# -- Compiling module fifo_generator_v13_1_4__parameterized0
# -- Compiling module fifo_generator_v13_1_4_synth
# -- Compiling module fifo_generator_v13_1_4_synth__parameterized0
# -- Compiling module ltlib_v1_0_0_bscan
# -- Compiling module memory
# -- Compiling module memory__parameterized0
# -- Compiling module rd_bin_cntr
# -- Compiling module rd_bin_cntr_18
# -- Compiling module rd_fwft
# -- Compiling module rd_handshaking_flags
# -- Compiling module rd_handshaking_flags__parameterized0
# -- Compiling module rd_logic
# -- Compiling module rd_logic__parameterized0
# -- Compiling module rd_status_flags_as
# -- Compiling module rd_status_flags_as_17
# -- Compiling module reset_blk_ramfifo
# -- Compiling module reset_blk_ramfifo_8
# -- Compiling module synchronizer_ff
# -- Compiling module synchronizer_ff_1
# -- Compiling module synchronizer_ff_10
# -- Compiling module synchronizer_ff_11
# -- Compiling module synchronizer_ff_12
# -- Compiling module synchronizer_ff_2
# -- Compiling module synchronizer_ff_3
# -- Compiling module synchronizer_ff_9
# -- Compiling module synchronizer_ff__parameterized0
# -- Compiling module synchronizer_ff__parameterized0_19
# -- Compiling module synchronizer_ff__parameterized0_20
# -- Compiling module synchronizer_ff__parameterized0_21
# -- Compiling module synchronizer_ff__parameterized0_22
# -- Compiling module synchronizer_ff__parameterized0_4
# -- Compiling module synchronizer_ff__parameterized0_5
# -- Compiling module synchronizer_ff__parameterized0_6
# -- Compiling module wr_bin_cntr
# -- Compiling module wr_bin_cntr_16
# -- Compiling module wr_handshaking_flags
# -- Compiling module wr_handshaking_flags_15
# -- Compiling module wr_logic
# -- Compiling module wr_logic__parameterized0
# -- Compiling module wr_status_flags_as
# -- Compiling module wr_status_flags_as_14
# -- Compiling module xsdbm_v3_0_0_addr_ctl
# -- Compiling module xsdbm_v3_0_0_bscan_switch
# -- Compiling module xsdbm_v3_0_0_burst_wdlen_ctl
# -- Compiling module xsdbm_v3_0_0_bus_ctl
# -- Compiling module xsdbm_v3_0_0_bus_ctl_cnt
# -- Compiling module xsdbm_v3_0_0_bus_ctl_flg
# -- Compiling module xsdbm_v3_0_0_bus_ctl_flg__parameterized0
# -- Compiling module xsdbm_v3_0_0_bus_mstr2sl_if
# -- Compiling module xsdbm_v3_0_0_cmd_decode
# -- Compiling module xsdbm_v3_0_0_ctl_reg
# -- Compiling module xsdbm_v3_0_0_ctl_reg__parameterized0
# -- Compiling module xsdbm_v3_0_0_ctl_reg__parameterized1
# -- Compiling module xsdbm_v3_0_0_ctl_reg__parameterized2
# -- Compiling module xsdbm_v3_0_0_icon
# -- Compiling module xsdbm_v3_0_0_icon2xsdb
# -- Compiling module xsdbm_v3_0_0_if
# -- Compiling module xsdbm_v3_0_0_if_static_status
# -- Compiling module xsdbm_v3_0_0_rdfifo
# -- Compiling module xsdbm_v3_0_0_rdreg
# -- Compiling module xsdbm_v3_0_0_stat
# -- Compiling module xsdbm_v3_0_0_stat_reg
# -- Compiling module xsdbm_v3_0_0_stat_reg__parameterized0
# -- Compiling module xsdbm_v3_0_0_stat_reg__parameterized0_0
# -- Compiling module xsdbm_v3_0_0_sync
# -- Compiling module xsdbm_v3_0_0_wrfifo
# -- Compiling module xsdbm_v3_0_0_wrreg
# -- Compiling module xsdbm_v3_0_0_xsdbm
# -- Compiling module xsdbm_v3_0_0_xsdbm_id
# -- Compiling module adder
# -- Compiling module adder__10
# -- Compiling module adder__11
# -- Compiling module adder__12
# -- Compiling module adder__13
# -- Compiling module adder__14
# -- Compiling module adder__15
# -- Compiling module adder__16
# -- Compiling module adder__17
# -- Compiling module adder__18
# -- Compiling module adder__19
# -- Compiling module adder__20
# -- Compiling module adder__21
# -- Compiling module adder__22
# -- Compiling module adder__8
# -- Compiling module adder__9
# -- Compiling module alu
# -- Compiling module alu__xdcDup__1
# -- Compiling module alu__xdcDup__2
# -- Compiling module alu__xdcDup__3
# -- Compiling module alu__xdcDup__4
# -- Compiling module alu__xdcDup__5
# -- Compiling module alu__xdcDup__6
# -- Compiling module alu__xdcDup__7
# -- Compiling module arm
# -- Compiling module arm__xdcDup__1
# -- Compiling module arm__xdcDup__2
# -- Compiling module arm__xdcDup__3
# -- Compiling module arm__xdcDup__4
# -- Compiling module arm__xdcDup__5
# -- Compiling module arm__xdcDup__6
# -- Compiling module arm__xdcDup__7
# -- Compiling module clk_wiz_0
# -- Compiling module clk_wiz_0_clk_wiz_0_clk_wiz
# -- Compiling module condcheck
# -- Compiling module condcheck__10
# -- Compiling module condcheck__11
# -- Compiling module condcheck__12
# -- Compiling module condcheck__13
# -- Compiling module condcheck__14
# -- Compiling module condcheck__8
# -- Compiling module condcheck__9
# -- Compiling module condlogic
# -- Compiling module condlogic__10
# -- Compiling module condlogic__11
# -- Compiling module condlogic__12
# -- Compiling module condlogic__13
# -- Compiling module condlogic__14
# -- Compiling module condlogic__8
# -- Compiling module condlogic__9
# -- Compiling module controller
# -- Compiling module controller__10
# -- Compiling module controller__11
# -- Compiling module controller__12
# -- Compiling module controller__13
# -- Compiling module controller__14
# -- Compiling module controller__8
# -- Compiling module controller__9
# -- Compiling module datapath
# -- Compiling module datapath__xdcDup__1
# -- Compiling module datapath__xdcDup__2
# -- Compiling module datapath__xdcDup__3
# -- Compiling module datapath__xdcDup__4
# -- Compiling module datapath__xdcDup__5
# -- Compiling module datapath__xdcDup__6
# -- Compiling module datapath__xdcDup__7
# -- Compiling module decoder
# -- Compiling module decoder__10
# -- Compiling module decoder__11
# -- Compiling module decoder__12
# -- Compiling module decoder__13
# -- Compiling module decoder__14
# -- Compiling module decoder__8
# -- Compiling module decoder__9
# -- Compiling module dist_mem_gen_1
# -- Compiling module dmem_lib_work
# -- Compiling module extend
# -- Compiling module extend__10
# -- Compiling module extend__11
# -- Compiling module extend__12
# -- Compiling module extend__13
# -- Compiling module extend__14
# -- Compiling module extend__8
# -- Compiling module extend__9
# -- Compiling module flopenr
# -- Compiling module flopenr__10
# -- Compiling module flopenr__11
# -- Compiling module flopenr__12
# -- Compiling module flopenr__13
# -- Compiling module flopenr__14
# -- Compiling module flopenr__15
# -- Compiling module flopenr__16
# -- Compiling module flopenr__17
# -- Compiling module flopenr__18
# -- Compiling module flopenr__19
# -- Compiling module flopenr__20
# -- Compiling module flopenr__21
# -- Compiling module flopenr__22
# -- Compiling module flopenr__8
# -- Compiling module flopenr__9
# -- Compiling module flopr
# -- Compiling module flopr__10
# -- Compiling module flopr__11
# -- Compiling module flopr__12
# -- Compiling module flopr__13
# -- Compiling module flopr__14
# -- Compiling module flopr__8
# -- Compiling module flopr__9
# -- Compiling module ila_0
# -- Compiling module imem_0
# -- Compiling module imem_1
# -- Compiling module imem_2
# -- Compiling module imem_3
# -- Compiling module imem_4
# -- Compiling module imem_5
# -- Compiling module imem_6
# -- Compiling module imem_7
# -- Compiling module mult_gen_0
# -- Compiling module mult_gen_0_HD12
# -- Compiling module mult_gen_0_HD16
# -- Compiling module mult_gen_0_HD20
# -- Compiling module mult_gen_0_HD24
# -- Compiling module mult_gen_0_HD28
# -- Compiling module mult_gen_0_HD32
# -- Compiling module mult_gen_0_HD8
# -- Compiling module mux2
# -- Compiling module mux2__10
# -- Compiling module mux2__11
# -- Compiling module mux2__12
# -- Compiling module mux2__13
# -- Compiling module mux2__14
# -- Compiling module mux2__15
# -- Compiling module mux2__16
# -- Compiling module mux2__17
# -- Compiling module mux2__18
# -- Compiling module mux2__19
# -- Compiling module mux2__20
# -- Compiling module mux2__21
# -- Compiling module mux2__22
# -- Compiling module mux2__23
# -- Compiling module mux2__24
# -- Compiling module mux2__25
# -- Compiling module mux2__26
# -- Compiling module mux2__27
# -- Compiling module mux2__28
# -- Compiling module mux2__29
# -- Compiling module mux2__30
# -- Compiling module mux2__8
# -- Compiling module mux2__9
# -- Compiling module mux2__parameterized0
# -- Compiling module mux2__parameterized0__10
# -- Compiling module mux2__parameterized0__11
# -- Compiling module mux2__parameterized0__12
# -- Compiling module mux2__parameterized0__13
# -- Compiling module mux2__parameterized0__14
# -- Compiling module mux2__parameterized0__15
# -- Compiling module mux2__parameterized0__16
# -- Compiling module mux2__parameterized0__17
# -- Compiling module mux2__parameterized0__18
# -- Compiling module mux2__parameterized0__19
# -- Compiling module mux2__parameterized0__20
# -- Compiling module mux2__parameterized0__21
# -- Compiling module mux2__parameterized0__22
# -- Compiling module mux2__parameterized0__8
# -- Compiling module mux2__parameterized0__9
# -- Compiling module mux3
# -- Compiling module mux3__10
# -- Compiling module mux3__11
# -- Compiling module mux3__12
# -- Compiling module mux3__13
# -- Compiling module mux3__14
# -- Compiling module mux3__8
# -- Compiling module mux3__9
# -- Compiling module regfile
# -- Compiling module regfile__10
# -- Compiling module regfile__11
# -- Compiling module regfile__12
# -- Compiling module regfile__13
# -- Compiling module regfile__14
# -- Compiling module regfile__8
# -- Compiling module regfile__9
# -- Compiling module shifter
# -- Compiling module shifter__10
# -- Compiling module shifter__11
# -- Compiling module shifter__12
# -- Compiling module shifter__13
# -- Compiling module shifter__14
# -- Compiling module shifter__8
# -- Compiling module shifter__9
# -- Compiling module top
# -- Compiling module glbl
# -- Compiling module tb_top
# 
# Top level modules:
# 	glbl
# 	tb_top
# End time: 17:54:55 on Jul 04,2025, Elapsed time: 0:00:03
# Errors: 0, Warnings: 0
