INFO: [VRFC 10-2263] Analyzing Verilog file "F:/vivado-project/MCU/rtl/ALU.v" into library xil_defaultlib
INFO: [VRFC 10-311] analyzing module ALU32bit
INFO: [VRFC 10-2263] Analyzing Verilog file "F:/vivado-project/MCU/rtl/RCA.v" into library xil_defaultlib
INFO: [VRFC 10-311] analyzing module full_adder
INFO: [VRFC 10-311] analyzing module ripple_carry_adder_32bit
INFO: [VRFC 10-2263] Analyzing Verilog file "F:/vivado-project/MCU/rtl/control_decoder.v" into library xil_defaultlib
INFO: [VRFC 10-311] analyzing module control_decoder
INFO: [VRFC 10-2263] Analyzing Verilog file "F:/vivado-project/MCU/rtl/decoder4bit.v" into library xil_defaultlib
INFO: [VRFC 10-311] analyzing module decoder4bit
INFO: [VRFC 10-2263] Analyzing Verilog file "F:/vivado-project/MCU/rtl/memory_32bit.v" into library xil_defaultlib
INFO: [VRFC 10-311] analyzing module memory_32bit
INFO: [VRFC 10-2263] Analyzing Verilog file "F:/vivado-project/MCU/rtl/mux1to1.v" into library xil_defaultlib
INFO: [VRFC 10-311] analyzing module mux_1to1_32bit
INFO: [VRFC 10-2263] Analyzing Verilog file "F:/vivado-project/MCU/rtl/mux2to1_32bit.v" into library xil_defaultlib
INFO: [VRFC 10-311] analyzing module mux2to1_32bit
INFO: [VRFC 10-2263] Analyzing Verilog file "F:/vivado-project/MCU/rtl/mux2to1_4bit.v" into library xil_defaultlib
INFO: [VRFC 10-311] analyzing module mux2to1_4bit
INFO: [VRFC 10-2263] Analyzing Verilog file "F:/vivado-project/MCU/rtl/mux4to1.v" into library xil_defaultlib
INFO: [VRFC 10-311] analyzing module mux4to1
INFO: [VRFC 10-2263] Analyzing Verilog file "F:/vivado-project/MCU/rtl/mux4to1_ALU.v" into library xil_defaultlib
INFO: [VRFC 10-311] analyzing module mux_4to1_32bit
INFO: [VRFC 10-2263] Analyzing Verilog file "F:/vivado-project/MCU/rtl/register_file.v" into library xil_defaultlib
INFO: [VRFC 10-311] analyzing module register_file
INFO: [VRFC 10-2263] Analyzing Verilog file "F:/vivado-project/MCU/rtl/rom.v" into library xil_defaultlib
INFO: [VRFC 10-311] analyzing module rom
INFO: [VRFC 10-2263] Analyzing Verilog file "F:/vivado-project/MCU/rtl/scm_mcu.v" into library xil_defaultlib
INFO: [VRFC 10-311] analyzing module scm_mcu
INFO: [VRFC 10-2263] Analyzing Verilog file "F:/vivado-project/MCU/rtl/tb.v" into library xil_defaultlib
INFO: [VRFC 10-311] analyzing module tb
