#-----------------------------------------------------------
# Vivado v2019.2 (64-bit)
# SW Build 2708876 on Wed Nov  6 21:40:23 MST 2019
# IP Build 2700528 on Thu Nov  7 00:09:20 MST 2019
# Start of session at: Mon May 26 18:37:49 2025
# Process ID: 17508
# Current directory: F:/vivado-project/MCU/prj/SCM_MCU
# Command line: vivado.exe -gui_launcher_event rodinguilauncherevent11704 F:\vivado-project\MCU\prj\SCM_MCU\SCM_MCU.xpr
# Log file: F:/vivado-project/MCU/prj/SCM_MCU/vivado.log
# Journal file: F:/vivado-project/MCU/prj/SCM_MCU\vivado.jou
#-----------------------------------------------------------
start_gui
open_project F:/vivado-project/MCU/prj/SCM_MCU/SCM_MCU.xpr
Scanning sources...
Finished scanning sources
INFO: [IP_Flow 19-234] Refreshing IP repositories
INFO: [IP_Flow 19-1704] No user IP repositories specified
INFO: [IP_Flow 19-2313] Loaded Vivado IP repository 'F:/Vivado/Vivado/2019.2/data/ip'.
open_project: Time (s): cpu = 00:00:11 ; elapsed = 00:00:05 . Memory (MB): peak = 947.715 ; gain = 212.809
update_compile_order -fileset sources_1
WARNING: [IP_Flow 19-4067] Ignoring invalid widget type specified checkbox.Providing a default widget
WARNING: [IP_Flow 19-4067] Ignoring invalid widget type specified checkbox.Providing a default widget
INFO: [IP_Flow 19-3484] Absolute path of file 'f:/vivado-project/MCU/xdc/imdec.coe' provided. It will be converted relative to IP Instance files '../../../../../../xdc/imdec.coe'
INFO: [IP_Flow 19-3484] Absolute path of file 'f:/vivado-project/MCU/xdc/imdec.coe' provided. It will be converted relative to IP Instance files '../../../../../../xdc/imdec.coe'
INFO: [IP_Flow 19-3484] Absolute path of file 'f:/vivado-project/MCU/xdc/imdec.coe' provided. It will be converted relative to IP Instance files '../../../../../../xdc/imdec.coe'
INFO: [IP_Flow 19-3484] Absolute path of file 'f:/vivado-project/MCU/xdc/imdec.coe' provided. It will be converted relative to IP Instance files '../../../../../../xdc/imdec.coe'
INFO: [IP_Flow 19-3484] Absolute path of file 'f:/vivado-project/MCU/xdc/imdec.coe' provided. It will be converted relative to IP Instance files '../../../../../../xdc/imdec.coe'
create_ip -name blk_mem_gen -vendor xilinx.com -library ip -version 8.4 -module_name rom_ip_inst -dir f:/vivado-project/MCU/prj/SCM_MCU/SCM_MCU.srcs/sources_1/ip
set_property -dict [list CONFIG.Component_Name {rom_ip_inst} CONFIG.Memory_Type {Single_Port_ROM} CONFIG.Enable_32bit_Address {true} CONFIG.Byte_Size {8} CONFIG.Write_Width_A {32} CONFIG.Read_Width_A {32} CONFIG.Enable_A {Always_Enabled} CONFIG.Write_Width_B {32} CONFIG.Read_Width_B {32} CONFIG.Enable_B {Always_Enabled} CONFIG.Register_PortA_Output_of_Memory_Primitives {false} CONFIG.Register_PortA_Output_of_Memory_Core {false} CONFIG.Use_REGCEA_Pin {false} CONFIG.Register_PortB_Output_of_Memory_Primitives {false} CONFIG.Load_Init_File {true} CONFIG.Coe_File {F:/vivado-project/MCU/xdc/imdec.coe} CONFIG.Use_RSTA_Pin {true} CONFIG.Reset_Memory_Latch_A {false} CONFIG.Use_RSTB_Pin {false} CONFIG.Port_A_Write_Rate {0} CONFIG.Port_B_Clock {0} CONFIG.Port_B_Enable_Rate {0} CONFIG.EN_SAFETY_CKT {true}] [get_ips rom_ip_inst]
WARNING: [Vivado 12-3523] Attempt to change 'Component_Name' from 'rom_ip_inst' to 'rom_ip_inst' is not allowed and is ignored.
INFO: [IP_Flow 19-3484] Absolute path of file 'f:/vivado-project/MCU/xdc/imdec.coe' provided. It will be converted relative to IP Instance files '../../../../../../xdc/imdec.coe'
generate_target {instantiation_template} [get_files f:/vivado-project/MCU/prj/SCM_MCU/SCM_MCU.srcs/sources_1/ip/rom_ip_inst/rom_ip_inst.xci]
INFO: [IP_Flow 19-1686] Generating 'Instantiation Template' target for IP 'rom_ip_inst'...
update_compile_order -fileset sources_1
generate_target all [get_files  f:/vivado-project/MCU/prj/SCM_MCU/SCM_MCU.srcs/sources_1/ip/rom_ip_inst/rom_ip_inst.xci]
INFO: [IP_Flow 19-1686] Generating 'Synthesis' target for IP 'rom_ip_inst'...
INFO: [IP_Flow 19-1686] Generating 'Simulation' target for IP 'rom_ip_inst'...
INFO: [IP_Flow 19-1686] Generating 'Miscellaneous' target for IP 'rom_ip_inst'...
INFO: [IP_Flow 19-1686] Generating 'Change Log' target for IP 'rom_ip_inst'...
catch { config_ip_cache -export [get_ips -all rom_ip_inst] }
export_ip_user_files -of_objects [get_files f:/vivado-project/MCU/prj/SCM_MCU/SCM_MCU.srcs/sources_1/ip/rom_ip_inst/rom_ip_inst.xci] -no_script -sync -force -quiet
create_ip_run [get_files -of_objects [get_fileset sources_1] f:/vivado-project/MCU/prj/SCM_MCU/SCM_MCU.srcs/sources_1/ip/rom_ip_inst/rom_ip_inst.xci]
launch_runs -jobs 17 rom_ip_inst_synth_1
[Mon May 26 19:11:11 2025] Launched rom_ip_inst_synth_1...
Run output will be captured here: F:/vivado-project/MCU/prj/SCM_MCU/SCM_MCU.runs/rom_ip_inst_synth_1/runme.log
export_simulation -of_objects [get_files f:/vivado-project/MCU/prj/SCM_MCU/SCM_MCU.srcs/sources_1/ip/rom_ip_inst/rom_ip_inst.xci] -directory F:/vivado-project/MCU/prj/SCM_MCU/SCM_MCU.ip_user_files/sim_scripts -ip_user_files_dir F:/vivado-project/MCU/prj/SCM_MCU/SCM_MCU.ip_user_files -ipstatic_source_dir F:/vivado-project/MCU/prj/SCM_MCU/SCM_MCU.ip_user_files/ipstatic -lib_map_path [list {modelsim=F:/vivado-project/MCU/prj/SCM_MCU/SCM_MCU.cache/compile_simlib/modelsim} {questa=F:/vivado-project/MCU/prj/SCM_MCU/SCM_MCU.cache/compile_simlib/questa} {riviera=F:/vivado-project/MCU/prj/SCM_MCU/SCM_MCU.cache/compile_simlib/riviera} {activehdl=F:/vivado-project/MCU/prj/SCM_MCU/SCM_MCU.cache/compile_simlib/activehdl}] -use_ip_compiled_libs -force -quiet
add_files -norecurse F:/vivado-project/MCU/rtl/mux2to1_4bit.v
update_compile_order -fileset sources_1
exit
INFO: [Common 17-206] Exiting Vivado at Mon May 26 21:15:17 2025...
