
*** Running vivado
    with args -log top.vds -m64 -product Vivado -mode batch -messageDb vivado.pb -notrace -source top.tcl



****** Vivado v2020.2 (64-bit)
  **** SW Build 3064766 on Wed Nov 18 09:12:45 MST 2020
  **** IP Build 3064653 on Wed Nov 18 14:17:31 MST 2020
    ** Copyright 1986-2020 Xilinx, Inc. All Rights Reserved.

source top.tcl -notrace
Command: synth_design -top top -part xc7a35tcpg236-1 -directive PerformanceOptimized -fsm_extraction one_hot -keep_equivalent_registers -resource_sharing off -no_lc -shreg_min_size 5
Starting synth_design
Attempting to get a license for feature 'Synthesis' and/or device 'xc7a35t'
INFO: [Common 17-349] Got license for feature 'Synthesis' and/or device 'xc7a35t'
INFO: [Device 21-403] Loading part xc7a35tcpg236-1
INFO: [Synth 8-7079] Multithreading enabled for synth_design using a maximum of 2 processes.
INFO: [Synth 8-7078] Launching helper process for spawning children vivado processes
INFO: [Synth 8-7075] Helper process launched with PID 30988
---------------------------------------------------------------------------------
Starting RTL Elaboration : Time (s): cpu = 00:00:02 ; elapsed = 00:00:02 . Memory (MB): peak = 1159.230 ; gain = 18.141
---------------------------------------------------------------------------------
INFO: [Synth 8-6157] synthesizing module 'top' [F:/GitHub/Digital_Design_MCU-main/v210_MCU_multi_32_50MHz_plus_v3.1.1/rtl/top.v:5]
INFO: [Synth 8-6157] synthesizing module 'clk_wiz_0' [F:/GitHub/Digital_Design_MCU-main/v210_MCU_multi_32_50MHz_plus_v3.1.1/prj/v200_MCU_multi.runs/synth_1/.Xil/Vivado-37116-everlasting/realtime/clk_wiz_0_stub.v:5]
INFO: [Synth 8-6155] done synthesizing module 'clk_wiz_0' (1#1) [F:/GitHub/Digital_Design_MCU-main/v210_MCU_multi_32_50MHz_plus_v3.1.1/prj/v200_MCU_multi.runs/synth_1/.Xil/Vivado-37116-everlasting/realtime/clk_wiz_0_stub.v:5]
INFO: [Synth 8-6157] synthesizing module 'arm' [F:/GitHub/Digital_Design_MCU-main/v210_MCU_multi_32_50MHz_plus_v3.1.1/rtl/arm.v:15]
INFO: [Synth 8-6157] synthesizing module 'controller' [F:/GitHub/Digital_Design_MCU-main/v210_MCU_multi_32_50MHz_plus_v3.1.1/rtl/controller.v:18]
INFO: [Synth 8-6157] synthesizing module 'decoder' [F:/GitHub/Digital_Design_MCU-main/v210_MCU_multi_32_50MHz_plus_v3.1.1/rtl/decoder.v:5]
INFO: [Synth 8-6155] done synthesizing module 'decoder' (2#1) [F:/GitHub/Digital_Design_MCU-main/v210_MCU_multi_32_50MHz_plus_v3.1.1/rtl/decoder.v:5]
INFO: [Synth 8-6157] synthesizing module 'condlogic' [F:/GitHub/Digital_Design_MCU-main/v210_MCU_multi_32_50MHz_plus_v3.1.1/rtl/condlogic.v:10]
INFO: [Synth 8-6157] synthesizing module 'flopenr' [F:/GitHub/Digital_Design_MCU-main/v210_MCU_multi_32_50MHz_plus_v3.1.1/rtl/flopenr.v:21]
	Parameter WIDTH bound to: 2 - type: integer 
INFO: [Synth 8-6155] done synthesizing module 'flopenr' (3#1) [F:/GitHub/Digital_Design_MCU-main/v210_MCU_multi_32_50MHz_plus_v3.1.1/rtl/flopenr.v:21]
INFO: [Synth 8-6157] synthesizing module 'condcheck' [F:/GitHub/Digital_Design_MCU-main/v210_MCU_multi_32_50MHz_plus_v3.1.1/rtl/condlogic.v:86]
INFO: [Synth 8-6155] done synthesizing module 'condcheck' (4#1) [F:/GitHub/Digital_Design_MCU-main/v210_MCU_multi_32_50MHz_plus_v3.1.1/rtl/condlogic.v:86]
INFO: [Synth 8-6155] done synthesizing module 'condlogic' (5#1) [F:/GitHub/Digital_Design_MCU-main/v210_MCU_multi_32_50MHz_plus_v3.1.1/rtl/condlogic.v:10]
INFO: [Synth 8-6155] done synthesizing module 'controller' (6#1) [F:/GitHub/Digital_Design_MCU-main/v210_MCU_multi_32_50MHz_plus_v3.1.1/rtl/controller.v:18]
INFO: [Synth 8-6157] synthesizing module 'datapath' [F:/GitHub/Digital_Design_MCU-main/v210_MCU_multi_32_50MHz_plus_v3.1.1/rtl/datapath.v:17]
INFO: [Synth 8-6157] synthesizing module 'mux2' [F:/GitHub/Digital_Design_MCU-main/v210_MCU_multi_32_50MHz_plus_v3.1.1/rtl/mux2.v:18]
	Parameter WIDTH bound to: 32 - type: integer 
INFO: [Synth 8-6155] done synthesizing module 'mux2' (7#1) [F:/GitHub/Digital_Design_MCU-main/v210_MCU_multi_32_50MHz_plus_v3.1.1/rtl/mux2.v:18]
INFO: [Synth 8-6157] synthesizing module 'flopr' [F:/GitHub/Digital_Design_MCU-main/v210_MCU_multi_32_50MHz_plus_v3.1.1/rtl/flopr.v:18]
	Parameter WIDTH bound to: 32 - type: integer 
INFO: [Synth 8-6155] done synthesizing module 'flopr' (8#1) [F:/GitHub/Digital_Design_MCU-main/v210_MCU_multi_32_50MHz_plus_v3.1.1/rtl/flopr.v:18]
INFO: [Synth 8-6157] synthesizing module 'adder' [F:/GitHub/Digital_Design_MCU-main/v210_MCU_multi_32_50MHz_plus_v3.1.1/rtl/adder.v:19]
	Parameter WIDTH bound to: 32 - type: integer 
INFO: [Synth 8-6155] done synthesizing module 'adder' (9#1) [F:/GitHub/Digital_Design_MCU-main/v210_MCU_multi_32_50MHz_plus_v3.1.1/rtl/adder.v:19]
INFO: [Synth 8-6157] synthesizing module 'mux3' [F:/GitHub/Digital_Design_MCU-main/v210_MCU_multi_32_50MHz_plus_v3.1.1/rtl/mux3.v:1]
	Parameter WIDTH bound to: 4 - type: integer 
INFO: [Synth 8-6155] done synthesizing module 'mux3' (10#1) [F:/GitHub/Digital_Design_MCU-main/v210_MCU_multi_32_50MHz_plus_v3.1.1/rtl/mux3.v:1]
INFO: [Synth 8-6157] synthesizing module 'mux2__parameterized0' [F:/GitHub/Digital_Design_MCU-main/v210_MCU_multi_32_50MHz_plus_v3.1.1/rtl/mux2.v:18]
	Parameter WIDTH bound to: 4 - type: integer 
INFO: [Synth 8-6155] done synthesizing module 'mux2__parameterized0' (10#1) [F:/GitHub/Digital_Design_MCU-main/v210_MCU_multi_32_50MHz_plus_v3.1.1/rtl/mux2.v:18]
INFO: [Synth 8-6157] synthesizing module 'regfile' [F:/GitHub/Digital_Design_MCU-main/v210_MCU_multi_32_50MHz_plus_v3.1.1/rtl/regfile.v:16]
INFO: [Synth 8-6155] done synthesizing module 'regfile' (11#1) [F:/GitHub/Digital_Design_MCU-main/v210_MCU_multi_32_50MHz_plus_v3.1.1/rtl/regfile.v:16]
INFO: [Synth 8-6157] synthesizing module 'extend' [F:/GitHub/Digital_Design_MCU-main/v210_MCU_multi_32_50MHz_plus_v3.1.1/rtl/extend.v:13]
INFO: [Synth 8-6155] done synthesizing module 'extend' (12#1) [F:/GitHub/Digital_Design_MCU-main/v210_MCU_multi_32_50MHz_plus_v3.1.1/rtl/extend.v:13]
INFO: [Synth 8-6157] synthesizing module 'shifter' [F:/GitHub/Digital_Design_MCU-main/v210_MCU_multi_32_50MHz_plus_v3.1.1/rtl/shifter.v:8]
INFO: [Synth 8-226] default block is never used [F:/GitHub/Digital_Design_MCU-main/v210_MCU_multi_32_50MHz_plus_v3.1.1/rtl/shifter.v:30]
INFO: [Synth 8-6155] done synthesizing module 'shifter' (13#1) [F:/GitHub/Digital_Design_MCU-main/v210_MCU_multi_32_50MHz_plus_v3.1.1/rtl/shifter.v:8]
INFO: [Synth 8-6157] synthesizing module 'alu' [F:/GitHub/Digital_Design_MCU-main/v210_MCU_multi_32_50MHz_plus_v3.1.1/rtl/alu.v:1]
INFO: [Synth 8-6157] synthesizing module 'mult_gen_0' [F:/GitHub/Digital_Design_MCU-main/v210_MCU_multi_32_50MHz_plus_v3.1.1/prj/v200_MCU_multi.runs/synth_1/.Xil/Vivado-37116-everlasting/realtime/mult_gen_0_stub.v:6]
INFO: [Synth 8-6155] done synthesizing module 'mult_gen_0' (14#1) [F:/GitHub/Digital_Design_MCU-main/v210_MCU_multi_32_50MHz_plus_v3.1.1/prj/v200_MCU_multi.runs/synth_1/.Xil/Vivado-37116-everlasting/realtime/mult_gen_0_stub.v:6]
INFO: [Synth 8-6155] done synthesizing module 'alu' (15#1) [F:/GitHub/Digital_Design_MCU-main/v210_MCU_multi_32_50MHz_plus_v3.1.1/rtl/alu.v:1]
INFO: [Synth 8-6155] done synthesizing module 'datapath' (16#1) [F:/GitHub/Digital_Design_MCU-main/v210_MCU_multi_32_50MHz_plus_v3.1.1/rtl/datapath.v:17]
INFO: [Synth 8-6155] done synthesizing module 'arm' (17#1) [F:/GitHub/Digital_Design_MCU-main/v210_MCU_multi_32_50MHz_plus_v3.1.1/rtl/arm.v:15]
INFO: [Synth 8-6157] synthesizing module 'imem_0' [F:/GitHub/Digital_Design_MCU-main/v210_MCU_multi_32_50MHz_plus_v3.1.1/prj/v200_MCU_multi.runs/synth_1/.Xil/Vivado-37116-everlasting/realtime/imem_0_stub.v:6]
INFO: [Synth 8-6155] done synthesizing module 'imem_0' (18#1) [F:/GitHub/Digital_Design_MCU-main/v210_MCU_multi_32_50MHz_plus_v3.1.1/prj/v200_MCU_multi.runs/synth_1/.Xil/Vivado-37116-everlasting/realtime/imem_0_stub.v:6]
WARNING: [Synth 8-689] width (30) of port connection 'a' does not match port width (6) of module 'imem_0' [F:/GitHub/Digital_Design_MCU-main/v210_MCU_multi_32_50MHz_plus_v3.1.1/rtl/top.v:189]
INFO: [Synth 8-6157] synthesizing module 'imem_1' [F:/GitHub/Digital_Design_MCU-main/v210_MCU_multi_32_50MHz_plus_v3.1.1/prj/v200_MCU_multi.runs/synth_1/.Xil/Vivado-37116-everlasting/realtime/imem_1_stub.v:6]
INFO: [Synth 8-6155] done synthesizing module 'imem_1' (19#1) [F:/GitHub/Digital_Design_MCU-main/v210_MCU_multi_32_50MHz_plus_v3.1.1/prj/v200_MCU_multi.runs/synth_1/.Xil/Vivado-37116-everlasting/realtime/imem_1_stub.v:6]
WARNING: [Synth 8-689] width (30) of port connection 'a' does not match port width (5) of module 'imem_1' [F:/GitHub/Digital_Design_MCU-main/v210_MCU_multi_32_50MHz_plus_v3.1.1/rtl/top.v:194]
INFO: [Synth 8-6157] synthesizing module 'imem_2' [F:/GitHub/Digital_Design_MCU-main/v210_MCU_multi_32_50MHz_plus_v3.1.1/prj/v200_MCU_multi.runs/synth_1/.Xil/Vivado-37116-everlasting/realtime/imem_2_stub.v:6]
INFO: [Synth 8-6155] done synthesizing module 'imem_2' (20#1) [F:/GitHub/Digital_Design_MCU-main/v210_MCU_multi_32_50MHz_plus_v3.1.1/prj/v200_MCU_multi.runs/synth_1/.Xil/Vivado-37116-everlasting/realtime/imem_2_stub.v:6]
WARNING: [Synth 8-689] width (30) of port connection 'a' does not match port width (5) of module 'imem_2' [F:/GitHub/Digital_Design_MCU-main/v210_MCU_multi_32_50MHz_plus_v3.1.1/rtl/top.v:199]
INFO: [Synth 8-6157] synthesizing module 'imem_3' [F:/GitHub/Digital_Design_MCU-main/v210_MCU_multi_32_50MHz_plus_v3.1.1/prj/v200_MCU_multi.runs/synth_1/.Xil/Vivado-37116-everlasting/realtime/imem_3_stub.v:6]
INFO: [Synth 8-6155] done synthesizing module 'imem_3' (21#1) [F:/GitHub/Digital_Design_MCU-main/v210_MCU_multi_32_50MHz_plus_v3.1.1/prj/v200_MCU_multi.runs/synth_1/.Xil/Vivado-37116-everlasting/realtime/imem_3_stub.v:6]
WARNING: [Synth 8-689] width (30) of port connection 'a' does not match port width (5) of module 'imem_3' [F:/GitHub/Digital_Design_MCU-main/v210_MCU_multi_32_50MHz_plus_v3.1.1/rtl/top.v:204]
INFO: [Synth 8-6157] synthesizing module 'imem_4' [F:/GitHub/Digital_Design_MCU-main/v210_MCU_multi_32_50MHz_plus_v3.1.1/prj/v200_MCU_multi.runs/synth_1/.Xil/Vivado-37116-everlasting/realtime/imem_4_stub.v:6]
INFO: [Synth 8-6155] done synthesizing module 'imem_4' (22#1) [F:/GitHub/Digital_Design_MCU-main/v210_MCU_multi_32_50MHz_plus_v3.1.1/prj/v200_MCU_multi.runs/synth_1/.Xil/Vivado-37116-everlasting/realtime/imem_4_stub.v:6]
WARNING: [Synth 8-689] width (30) of port connection 'a' does not match port width (5) of module 'imem_4' [F:/GitHub/Digital_Design_MCU-main/v210_MCU_multi_32_50MHz_plus_v3.1.1/rtl/top.v:209]
INFO: [Synth 8-6157] synthesizing module 'imem_5' [F:/GitHub/Digital_Design_MCU-main/v210_MCU_multi_32_50MHz_plus_v3.1.1/prj/v200_MCU_multi.runs/synth_1/.Xil/Vivado-37116-everlasting/realtime/imem_5_stub.v:6]
INFO: [Synth 8-6155] done synthesizing module 'imem_5' (23#1) [F:/GitHub/Digital_Design_MCU-main/v210_MCU_multi_32_50MHz_plus_v3.1.1/prj/v200_MCU_multi.runs/synth_1/.Xil/Vivado-37116-everlasting/realtime/imem_5_stub.v:6]
WARNING: [Synth 8-689] width (30) of port connection 'a' does not match port width (5) of module 'imem_5' [F:/GitHub/Digital_Design_MCU-main/v210_MCU_multi_32_50MHz_plus_v3.1.1/rtl/top.v:214]
INFO: [Synth 8-6157] synthesizing module 'imem_6' [F:/GitHub/Digital_Design_MCU-main/v210_MCU_multi_32_50MHz_plus_v3.1.1/prj/v200_MCU_multi.runs/synth_1/.Xil/Vivado-37116-everlasting/realtime/imem_6_stub.v:6]
INFO: [Synth 8-6155] done synthesizing module 'imem_6' (24#1) [F:/GitHub/Digital_Design_MCU-main/v210_MCU_multi_32_50MHz_plus_v3.1.1/prj/v200_MCU_multi.runs/synth_1/.Xil/Vivado-37116-everlasting/realtime/imem_6_stub.v:6]
WARNING: [Synth 8-689] width (30) of port connection 'a' does not match port width (5) of module 'imem_6' [F:/GitHub/Digital_Design_MCU-main/v210_MCU_multi_32_50MHz_plus_v3.1.1/rtl/top.v:219]
INFO: [Synth 8-6157] synthesizing module 'imem_7' [F:/GitHub/Digital_Design_MCU-main/v210_MCU_multi_32_50MHz_plus_v3.1.1/prj/v200_MCU_multi.runs/synth_1/.Xil/Vivado-37116-everlasting/realtime/imem_7_stub.v:6]
INFO: [Synth 8-6155] done synthesizing module 'imem_7' (25#1) [F:/GitHub/Digital_Design_MCU-main/v210_MCU_multi_32_50MHz_plus_v3.1.1/prj/v200_MCU_multi.runs/synth_1/.Xil/Vivado-37116-everlasting/realtime/imem_7_stub.v:6]
WARNING: [Synth 8-689] width (30) of port connection 'a' does not match port width (6) of module 'imem_7' [F:/GitHub/Digital_Design_MCU-main/v210_MCU_multi_32_50MHz_plus_v3.1.1/rtl/top.v:224]
INFO: [Synth 8-6157] synthesizing module 'dmem' [F:/GitHub/Digital_Design_MCU-main/v210_MCU_multi_32_50MHz_plus_v3.1.1/rtl/dmem.v:5]
INFO: [Synth 8-6157] synthesizing module 'dist_mem_gen_1' [F:/GitHub/Digital_Design_MCU-main/v210_MCU_multi_32_50MHz_plus_v3.1.1/prj/v200_MCU_multi.runs/synth_1/.Xil/Vivado-37116-everlasting/realtime/dist_mem_gen_1_stub.v:6]
INFO: [Synth 8-6155] done synthesizing module 'dist_mem_gen_1' (26#1) [F:/GitHub/Digital_Design_MCU-main/v210_MCU_multi_32_50MHz_plus_v3.1.1/prj/v200_MCU_multi.runs/synth_1/.Xil/Vivado-37116-everlasting/realtime/dist_mem_gen_1_stub.v:6]
INFO: [Synth 8-6155] done synthesizing module 'dmem' (27#1) [F:/GitHub/Digital_Design_MCU-main/v210_MCU_multi_32_50MHz_plus_v3.1.1/rtl/dmem.v:5]
WARNING: [Synth 8-4446] all outputs are unconnected for this instance and logic may be removed [F:/GitHub/Digital_Design_MCU-main/v210_MCU_multi_32_50MHz_plus_v3.1.1/rtl/top.v:314]
INFO: [Synth 8-6157] synthesizing module 'ila_0' [F:/GitHub/Digital_Design_MCU-main/v210_MCU_multi_32_50MHz_plus_v3.1.1/prj/v200_MCU_multi.runs/synth_1/.Xil/Vivado-37116-everlasting/realtime/ila_0_stub.v:6]
INFO: [Synth 8-6155] done synthesizing module 'ila_0' (28#1) [F:/GitHub/Digital_Design_MCU-main/v210_MCU_multi_32_50MHz_plus_v3.1.1/prj/v200_MCU_multi.runs/synth_1/.Xil/Vivado-37116-everlasting/realtime/ila_0_stub.v:6]
WARNING: [Synth 8-689] width (20) of port connection 'probe0' does not match port width (6) of module 'ila_0' [F:/GitHub/Digital_Design_MCU-main/v210_MCU_multi_32_50MHz_plus_v3.1.1/rtl/top.v:316]
INFO: [Synth 8-6071] Mark debug on the nets applies keep_hierarchy on instance 'u_ila'. This will prevent further optimization [F:/GitHub/Digital_Design_MCU-main/v210_MCU_multi_32_50MHz_plus_v3.1.1/rtl/top.v:314]
INFO: [Synth 8-6155] done synthesizing module 'top' (29#1) [F:/GitHub/Digital_Design_MCU-main/v210_MCU_multi_32_50MHz_plus_v3.1.1/rtl/top.v:5]
---------------------------------------------------------------------------------
Finished RTL Elaboration : Time (s): cpu = 00:00:03 ; elapsed = 00:00:03 . Memory (MB): peak = 1233.648 ; gain = 92.559
---------------------------------------------------------------------------------
---------------------------------------------------------------------------------
Start Handling Custom Attributes
---------------------------------------------------------------------------------
---------------------------------------------------------------------------------
Finished Handling Custom Attributes : Time (s): cpu = 00:00:03 ; elapsed = 00:00:03 . Memory (MB): peak = 1233.648 ; gain = 92.559
---------------------------------------------------------------------------------
---------------------------------------------------------------------------------
Finished RTL Optimization Phase 1 : Time (s): cpu = 00:00:03 ; elapsed = 00:00:03 . Memory (MB): peak = 1233.648 ; gain = 92.559
---------------------------------------------------------------------------------
Netlist sorting complete. Time (s): cpu = 00:00:00 ; elapsed = 00:00:00.061 . Memory (MB): peak = 1233.648 ; gain = 0.000
INFO: [Project 1-570] Preparing netlist for logic optimization

Processing XDC Constraints
Initializing timing engine
Parsing XDC File [f:/GitHub/Digital_Design_MCU-main/v210_MCU_multi_32_50MHz_plus_v3.1.1/prj/v200_MCU_multi.gen/sources_1/ip/dist_mem_gen_1/dist_mem_gen_1/dist_mem_gen_1_in_context.xdc] for cell 'dm/ROM_1'
Finished Parsing XDC File [f:/GitHub/Digital_Design_MCU-main/v210_MCU_multi_32_50MHz_plus_v3.1.1/prj/v200_MCU_multi.gen/sources_1/ip/dist_mem_gen_1/dist_mem_gen_1/dist_mem_gen_1_in_context.xdc] for cell 'dm/ROM_1'
Parsing XDC File [f:/GitHub/Digital_Design_MCU-main/v210_MCU_multi_32_50MHz_plus_v3.1.1/prj/v200_MCU_multi.gen/sources_1/ip/ila_0/ila_0/ila_0_in_context.xdc] for cell 'u_ila'
Finished Parsing XDC File [f:/GitHub/Digital_Design_MCU-main/v210_MCU_multi_32_50MHz_plus_v3.1.1/prj/v200_MCU_multi.gen/sources_1/ip/ila_0/ila_0/ila_0_in_context.xdc] for cell 'u_ila'
Parsing XDC File [f:/GitHub/Digital_Design_MCU-main/v210_MCU_multi_32_50MHz_plus_v3.1.1/prj/v200_MCU_multi.gen/sources_1/ip/mult_gen_0/mult_gen_0/mult_gen_0_in_context.xdc] for cell 'cpu_0/dp/alu_u/mul'
Finished Parsing XDC File [f:/GitHub/Digital_Design_MCU-main/v210_MCU_multi_32_50MHz_plus_v3.1.1/prj/v200_MCU_multi.gen/sources_1/ip/mult_gen_0/mult_gen_0/mult_gen_0_in_context.xdc] for cell 'cpu_0/dp/alu_u/mul'
Parsing XDC File [f:/GitHub/Digital_Design_MCU-main/v210_MCU_multi_32_50MHz_plus_v3.1.1/prj/v200_MCU_multi.gen/sources_1/ip/mult_gen_0/mult_gen_0/mult_gen_0_in_context.xdc] for cell 'cpu_1/dp/alu_u/mul'
Finished Parsing XDC File [f:/GitHub/Digital_Design_MCU-main/v210_MCU_multi_32_50MHz_plus_v3.1.1/prj/v200_MCU_multi.gen/sources_1/ip/mult_gen_0/mult_gen_0/mult_gen_0_in_context.xdc] for cell 'cpu_1/dp/alu_u/mul'
Parsing XDC File [f:/GitHub/Digital_Design_MCU-main/v210_MCU_multi_32_50MHz_plus_v3.1.1/prj/v200_MCU_multi.gen/sources_1/ip/mult_gen_0/mult_gen_0/mult_gen_0_in_context.xdc] for cell 'cpu_2/dp/alu_u/mul'
Finished Parsing XDC File [f:/GitHub/Digital_Design_MCU-main/v210_MCU_multi_32_50MHz_plus_v3.1.1/prj/v200_MCU_multi.gen/sources_1/ip/mult_gen_0/mult_gen_0/mult_gen_0_in_context.xdc] for cell 'cpu_2/dp/alu_u/mul'
Parsing XDC File [f:/GitHub/Digital_Design_MCU-main/v210_MCU_multi_32_50MHz_plus_v3.1.1/prj/v200_MCU_multi.gen/sources_1/ip/mult_gen_0/mult_gen_0/mult_gen_0_in_context.xdc] for cell 'cpu_3/dp/alu_u/mul'
Finished Parsing XDC File [f:/GitHub/Digital_Design_MCU-main/v210_MCU_multi_32_50MHz_plus_v3.1.1/prj/v200_MCU_multi.gen/sources_1/ip/mult_gen_0/mult_gen_0/mult_gen_0_in_context.xdc] for cell 'cpu_3/dp/alu_u/mul'
Parsing XDC File [f:/GitHub/Digital_Design_MCU-main/v210_MCU_multi_32_50MHz_plus_v3.1.1/prj/v200_MCU_multi.gen/sources_1/ip/mult_gen_0/mult_gen_0/mult_gen_0_in_context.xdc] for cell 'cpu_4/dp/alu_u/mul'
Finished Parsing XDC File [f:/GitHub/Digital_Design_MCU-main/v210_MCU_multi_32_50MHz_plus_v3.1.1/prj/v200_MCU_multi.gen/sources_1/ip/mult_gen_0/mult_gen_0/mult_gen_0_in_context.xdc] for cell 'cpu_4/dp/alu_u/mul'
Parsing XDC File [f:/GitHub/Digital_Design_MCU-main/v210_MCU_multi_32_50MHz_plus_v3.1.1/prj/v200_MCU_multi.gen/sources_1/ip/mult_gen_0/mult_gen_0/mult_gen_0_in_context.xdc] for cell 'cpu_5/dp/alu_u/mul'
Finished Parsing XDC File [f:/GitHub/Digital_Design_MCU-main/v210_MCU_multi_32_50MHz_plus_v3.1.1/prj/v200_MCU_multi.gen/sources_1/ip/mult_gen_0/mult_gen_0/mult_gen_0_in_context.xdc] for cell 'cpu_5/dp/alu_u/mul'
Parsing XDC File [f:/GitHub/Digital_Design_MCU-main/v210_MCU_multi_32_50MHz_plus_v3.1.1/prj/v200_MCU_multi.gen/sources_1/ip/mult_gen_0/mult_gen_0/mult_gen_0_in_context.xdc] for cell 'cpu_6/dp/alu_u/mul'
Finished Parsing XDC File [f:/GitHub/Digital_Design_MCU-main/v210_MCU_multi_32_50MHz_plus_v3.1.1/prj/v200_MCU_multi.gen/sources_1/ip/mult_gen_0/mult_gen_0/mult_gen_0_in_context.xdc] for cell 'cpu_6/dp/alu_u/mul'
Parsing XDC File [f:/GitHub/Digital_Design_MCU-main/v210_MCU_multi_32_50MHz_plus_v3.1.1/prj/v200_MCU_multi.gen/sources_1/ip/mult_gen_0/mult_gen_0/mult_gen_0_in_context.xdc] for cell 'cpu_7/dp/alu_u/mul'
Finished Parsing XDC File [f:/GitHub/Digital_Design_MCU-main/v210_MCU_multi_32_50MHz_plus_v3.1.1/prj/v200_MCU_multi.gen/sources_1/ip/mult_gen_0/mult_gen_0/mult_gen_0_in_context.xdc] for cell 'cpu_7/dp/alu_u/mul'
Parsing XDC File [f:/GitHub/Digital_Design_MCU-main/v210_MCU_multi_32_50MHz_plus_v3.1.1/prj/v200_MCU_multi.gen/sources_1/ip/imem_0/imem_0/imem_0_in_context.xdc] for cell 'ROM_1'
Finished Parsing XDC File [f:/GitHub/Digital_Design_MCU-main/v210_MCU_multi_32_50MHz_plus_v3.1.1/prj/v200_MCU_multi.gen/sources_1/ip/imem_0/imem_0/imem_0_in_context.xdc] for cell 'ROM_1'
Parsing XDC File [f:/GitHub/Digital_Design_MCU-main/v210_MCU_multi_32_50MHz_plus_v3.1.1/prj/v200_MCU_multi.gen/sources_1/ip/imem_1/imem_1/imem_1_in_context.xdc] for cell 'ROM_2'
Finished Parsing XDC File [f:/GitHub/Digital_Design_MCU-main/v210_MCU_multi_32_50MHz_plus_v3.1.1/prj/v200_MCU_multi.gen/sources_1/ip/imem_1/imem_1/imem_1_in_context.xdc] for cell 'ROM_2'
Parsing XDC File [f:/GitHub/Digital_Design_MCU-main/v210_MCU_multi_32_50MHz_plus_v3.1.1/prj/v200_MCU_multi.gen/sources_1/ip/imem_2/imem_2/imem_2_in_context.xdc] for cell 'ROM_3'
Finished Parsing XDC File [f:/GitHub/Digital_Design_MCU-main/v210_MCU_multi_32_50MHz_plus_v3.1.1/prj/v200_MCU_multi.gen/sources_1/ip/imem_2/imem_2/imem_2_in_context.xdc] for cell 'ROM_3'
Parsing XDC File [f:/GitHub/Digital_Design_MCU-main/v210_MCU_multi_32_50MHz_plus_v3.1.1/prj/v200_MCU_multi.gen/sources_1/ip/imem_3/imem_3/imem_3_in_context.xdc] for cell 'ROM_4'
Finished Parsing XDC File [f:/GitHub/Digital_Design_MCU-main/v210_MCU_multi_32_50MHz_plus_v3.1.1/prj/v200_MCU_multi.gen/sources_1/ip/imem_3/imem_3/imem_3_in_context.xdc] for cell 'ROM_4'
Parsing XDC File [f:/GitHub/Digital_Design_MCU-main/v210_MCU_multi_32_50MHz_plus_v3.1.1/prj/v200_MCU_multi.gen/sources_1/ip/imem_4/imem_4/imem_4_in_context.xdc] for cell 'ROM_5'
Finished Parsing XDC File [f:/GitHub/Digital_Design_MCU-main/v210_MCU_multi_32_50MHz_plus_v3.1.1/prj/v200_MCU_multi.gen/sources_1/ip/imem_4/imem_4/imem_4_in_context.xdc] for cell 'ROM_5'
Parsing XDC File [f:/GitHub/Digital_Design_MCU-main/v210_MCU_multi_32_50MHz_plus_v3.1.1/prj/v200_MCU_multi.gen/sources_1/ip/imem_5/imem_5/imem_5_in_context.xdc] for cell 'ROM_6'
Finished Parsing XDC File [f:/GitHub/Digital_Design_MCU-main/v210_MCU_multi_32_50MHz_plus_v3.1.1/prj/v200_MCU_multi.gen/sources_1/ip/imem_5/imem_5/imem_5_in_context.xdc] for cell 'ROM_6'
Parsing XDC File [f:/GitHub/Digital_Design_MCU-main/v210_MCU_multi_32_50MHz_plus_v3.1.1/prj/v200_MCU_multi.gen/sources_1/ip/imem_6/imem_6/imem_6_in_context.xdc] for cell 'ROM_7'
Finished Parsing XDC File [f:/GitHub/Digital_Design_MCU-main/v210_MCU_multi_32_50MHz_plus_v3.1.1/prj/v200_MCU_multi.gen/sources_1/ip/imem_6/imem_6/imem_6_in_context.xdc] for cell 'ROM_7'
Parsing XDC File [f:/GitHub/Digital_Design_MCU-main/v210_MCU_multi_32_50MHz_plus_v3.1.1/prj/v200_MCU_multi.gen/sources_1/ip/imem_7/imem_7/imem_7_in_context.xdc] for cell 'ROM_8'
Finished Parsing XDC File [f:/GitHub/Digital_Design_MCU-main/v210_MCU_multi_32_50MHz_plus_v3.1.1/prj/v200_MCU_multi.gen/sources_1/ip/imem_7/imem_7/imem_7_in_context.xdc] for cell 'ROM_8'
Parsing XDC File [f:/GitHub/Digital_Design_MCU-main/v210_MCU_multi_32_50MHz_plus_v3.1.1/prj/v200_MCU_multi.gen/sources_1/ip/clk_wiz_0/clk_wiz_0/clk_wiz_0_in_context.xdc] for cell 'u_clk'
Finished Parsing XDC File [f:/GitHub/Digital_Design_MCU-main/v210_MCU_multi_32_50MHz_plus_v3.1.1/prj/v200_MCU_multi.gen/sources_1/ip/clk_wiz_0/clk_wiz_0/clk_wiz_0_in_context.xdc] for cell 'u_clk'
Parsing XDC File [F:/GitHub/Digital_Design_MCU-main/v210_MCU_multi_32_50MHz_plus_v3.1.1/xdc/Basys3_Master.xdc]
Finished Parsing XDC File [F:/GitHub/Digital_Design_MCU-main/v210_MCU_multi_32_50MHz_plus_v3.1.1/xdc/Basys3_Master.xdc]
INFO: [Project 1-236] Implementation specific constraints were found while reading constraint file [F:/GitHub/Digital_Design_MCU-main/v210_MCU_multi_32_50MHz_plus_v3.1.1/xdc/Basys3_Master.xdc]. These constraints will be ignored for synthesis but will be used in implementation. Impacted constraints are listed in the file [.Xil/top_propImpl.xdc].
Resolution: To avoid this warning, move constraints listed in [.Xil/top_propImpl.xdc] to another XDC file and exclude this new file from synthesis with the used_in_synthesis property (File Properties dialog in GUI) and re-run elaboration/synthesis.
Completed Processing XDC Constraints

Netlist sorting complete. Time (s): cpu = 00:00:00 ; elapsed = 00:00:00.003 . Memory (MB): peak = 1361.148 ; gain = 0.000
INFO: [Project 1-111] Unisim Transformation Summary:
No Unisim elements were transformed.

Constraint Validation Runtime : Time (s): cpu = 00:00:00 ; elapsed = 00:00:00.009 . Memory (MB): peak = 1361.148 ; gain = 0.000
---------------------------------------------------------------------------------
Finished Constraint Validation : Time (s): cpu = 00:00:07 ; elapsed = 00:00:07 . Memory (MB): peak = 1361.148 ; gain = 220.059
---------------------------------------------------------------------------------
---------------------------------------------------------------------------------
Start Loading Part and Timing Information
---------------------------------------------------------------------------------
Loading part: xc7a35tcpg236-1
---------------------------------------------------------------------------------
Finished Loading Part and Timing Information : Time (s): cpu = 00:00:07 ; elapsed = 00:00:07 . Memory (MB): peak = 1361.148 ; gain = 220.059
---------------------------------------------------------------------------------
---------------------------------------------------------------------------------
Start Applying 'set_property' XDC Constraints
---------------------------------------------------------------------------------
Applied set_property IO_BUFFER_TYPE = NONE for clk_in. (constraint file  f:/GitHub/Digital_Design_MCU-main/v210_MCU_multi_32_50MHz_plus_v3.1.1/prj/v200_MCU_multi.gen/sources_1/ip/clk_wiz_0/clk_wiz_0/clk_wiz_0_in_context.xdc, line 3).
Applied set_property CLOCK_BUFFER_TYPE = NONE for clk_in. (constraint file  f:/GitHub/Digital_Design_MCU-main/v210_MCU_multi_32_50MHz_plus_v3.1.1/prj/v200_MCU_multi.gen/sources_1/ip/clk_wiz_0/clk_wiz_0/clk_wiz_0_in_context.xdc, line 4).
Applied set_property KEEP_HIERARCHY = SOFT for dm/ROM_1. (constraint file  auto generated constraint).
Applied set_property KEEP_HIERARCHY = SOFT for u_ila. (constraint file  auto generated constraint).
Applied set_property KEEP_HIERARCHY = SOFT for cpu_0/dp/alu_u/mul. (constraint file  auto generated constraint).
Applied set_property KEEP_HIERARCHY = SOFT for cpu_1/dp/alu_u/mul. (constraint file  auto generated constraint).
Applied set_property KEEP_HIERARCHY = SOFT for cpu_2/dp/alu_u/mul. (constraint file  auto generated constraint).
Applied set_property KEEP_HIERARCHY = SOFT for cpu_3/dp/alu_u/mul. (constraint file  auto generated constraint).
Applied set_property KEEP_HIERARCHY = SOFT for cpu_4/dp/alu_u/mul. (constraint file  auto generated constraint).
Applied set_property KEEP_HIERARCHY = SOFT for cpu_5/dp/alu_u/mul. (constraint file  auto generated constraint).
Applied set_property KEEP_HIERARCHY = SOFT for cpu_6/dp/alu_u/mul. (constraint file  auto generated constraint).
Applied set_property KEEP_HIERARCHY = SOFT for cpu_7/dp/alu_u/mul. (constraint file  auto generated constraint).
Applied set_property KEEP_HIERARCHY = SOFT for ROM_1. (constraint file  auto generated constraint).
Applied set_property KEEP_HIERARCHY = SOFT for ROM_2. (constraint file  auto generated constraint).
Applied set_property KEEP_HIERARCHY = SOFT for ROM_3. (constraint file  auto generated constraint).
Applied set_property KEEP_HIERARCHY = SOFT for ROM_4. (constraint file  auto generated constraint).
Applied set_property KEEP_HIERARCHY = SOFT for ROM_5. (constraint file  auto generated constraint).
Applied set_property KEEP_HIERARCHY = SOFT for ROM_6. (constraint file  auto generated constraint).
Applied set_property KEEP_HIERARCHY = SOFT for ROM_7. (constraint file  auto generated constraint).
Applied set_property KEEP_HIERARCHY = SOFT for ROM_8. (constraint file  auto generated constraint).
Applied set_property KEEP_HIERARCHY = SOFT for u_clk. (constraint file  auto generated constraint).
---------------------------------------------------------------------------------
Finished applying 'set_property' XDC Constraints : Time (s): cpu = 00:00:07 ; elapsed = 00:00:07 . Memory (MB): peak = 1361.148 ; gain = 220.059
---------------------------------------------------------------------------------
---------------------------------------------------------------------------------
Finished RTL Optimization Phase 2 : Time (s): cpu = 00:00:08 ; elapsed = 00:00:08 . Memory (MB): peak = 1361.148 ; gain = 220.059
---------------------------------------------------------------------------------
---------------------------------------------------------------------------------
Start RTL Component Statistics 
---------------------------------------------------------------------------------
Detailed RTL Component Info : 
+---Adders : 
	   2 Input   32 Bit       Adders := 16    
	   3 Input   32 Bit       Adders := 8     
	   2 Input   20 Bit       Adders := 1     
	   2 Input    6 Bit       Adders := 8     
	  16 Input    1 Bit       Adders := 1     
+---Registers : 
	               32 Bit    Registers := 8     
	               20 Bit    Registers := 1     
	               16 Bit    Registers := 34    
	                2 Bit    Registers := 16    
	                1 Bit    Registers := 2     
+---RAMs : 
	              480 Bit	(15 X 32 bit)          RAMs := 8     
+---Muxes : 
	   2 Input   32 Bit        Muxes := 80    
	   4 Input   32 Bit        Muxes := 16    
	   2 Input   20 Bit        Muxes := 3     
	   2 Input   16 Bit        Muxes := 1     
	   4 Input   13 Bit        Muxes := 8     
	   2 Input   13 Bit        Muxes := 16    
	   2 Input   11 Bit        Muxes := 8     
	   2 Input    9 Bit        Muxes := 8     
	   2 Input    8 Bit        Muxes := 8     
	   2 Input    4 Bit        Muxes := 32    
	   7 Input    3 Bit        Muxes := 8     
	   3 Input    3 Bit        Muxes := 8     
	   2 Input    2 Bit        Muxes := 16    
	   9 Input    1 Bit        Muxes := 32    
	   2 Input    1 Bit        Muxes := 1     
---------------------------------------------------------------------------------
Finished RTL Component Statistics 
---------------------------------------------------------------------------------
---------------------------------------------------------------------------------
Start Part Resource Summary
---------------------------------------------------------------------------------
Part Resources:
DSPs: 90 (col length:60)
BRAMs: 100 (col length: RAMB18 60 RAMB36 30)
---------------------------------------------------------------------------------
Finished Part Resource Summary
---------------------------------------------------------------------------------
---------------------------------------------------------------------------------
Start Cross Boundary and Area Optimization
---------------------------------------------------------------------------------
---------------------------------------------------------------------------------
Finished Cross Boundary and Area Optimization : Time (s): cpu = 00:00:20 ; elapsed = 00:00:21 . Memory (MB): peak = 1464.113 ; gain = 323.023
---------------------------------------------------------------------------------
---------------------------------------------------------------------------------
Start ROM, RAM, DSP, Shift Register and Retiming Reporting
---------------------------------------------------------------------------------

Distributed RAM: Preliminary Mapping	Report (see note below)
+------------+--------------+-----------+----------------------+--------------+
|Module Name | RTL Object   | Inference | Size (Depth x Width) | Primitives   | 
+------------+--------------+-----------+----------------------+--------------+
|cpu_0       | dp/rf/rf_reg | Implied   | 16 x 32              | RAM32M x 12	 | 
|cpu_1       | dp/rf/rf_reg | Implied   | 16 x 32              | RAM32M x 12	 | 
|cpu_2       | dp/rf/rf_reg | Implied   | 16 x 32              | RAM32M x 12	 | 
|cpu_3       | dp/rf/rf_reg | Implied   | 16 x 32              | RAM32M x 12	 | 
|cpu_4       | dp/rf/rf_reg | Implied   | 16 x 32              | RAM32M x 12	 | 
|cpu_5       | dp/rf/rf_reg | Implied   | 16 x 32              | RAM32M x 12	 | 
|cpu_6       | dp/rf/rf_reg | Implied   | 16 x 32              | RAM32M x 12	 | 
|cpu_7       | dp/rf/rf_reg | Implied   | 16 x 32              | RAM32M x 12	 | 
+------------+--------------+-----------+----------------------+--------------+

Note: The table above is a preliminary report that shows the Distributed RAMs at the current stage of the synthesis flow. Some Distributed RAMs may be reimplemented as non Distributed RAM primitives later in the synthesis flow. Multiple instantiated RAMs are reported only once.
---------------------------------------------------------------------------------
Finished ROM, RAM, DSP, Shift Register and Retiming Reporting
---------------------------------------------------------------------------------
---------------------------------------------------------------------------------
Start Applying XDC Timing Constraints
---------------------------------------------------------------------------------
---------------------------------------------------------------------------------
Finished Applying XDC Timing Constraints : Time (s): cpu = 00:00:24 ; elapsed = 00:00:24 . Memory (MB): peak = 1464.113 ; gain = 323.023
---------------------------------------------------------------------------------
---------------------------------------------------------------------------------
Start Timing Optimization
---------------------------------------------------------------------------------
---------------------------------------------------------------------------------
Finished Timing Optimization : Time (s): cpu = 00:00:29 ; elapsed = 00:00:30 . Memory (MB): peak = 1524.012 ; gain = 382.922
---------------------------------------------------------------------------------
---------------------------------------------------------------------------------
Start ROM, RAM, DSP, Shift Register and Retiming Reporting
---------------------------------------------------------------------------------

Distributed RAM: Final Mapping	Report
+------------+--------------+-----------+----------------------+--------------+
|Module Name | RTL Object   | Inference | Size (Depth x Width) | Primitives   | 
+------------+--------------+-----------+----------------------+--------------+
|cpu_0       | dp/rf/rf_reg | Implied   | 16 x 32              | RAM32M x 12	 | 
|cpu_1       | dp/rf/rf_reg | Implied   | 16 x 32              | RAM32M x 12	 | 
|cpu_2       | dp/rf/rf_reg | Implied   | 16 x 32              | RAM32M x 12	 | 
|cpu_3       | dp/rf/rf_reg | Implied   | 16 x 32              | RAM32M x 12	 | 
|cpu_4       | dp/rf/rf_reg | Implied   | 16 x 32              | RAM32M x 12	 | 
|cpu_5       | dp/rf/rf_reg | Implied   | 16 x 32              | RAM32M x 12	 | 
|cpu_6       | dp/rf/rf_reg | Implied   | 16 x 32              | RAM32M x 12	 | 
|cpu_7       | dp/rf/rf_reg | Implied   | 16 x 32              | RAM32M x 12	 | 
+------------+--------------+-----------+----------------------+--------------+

---------------------------------------------------------------------------------
Finished ROM, RAM, DSP, Shift Register and Retiming Reporting
---------------------------------------------------------------------------------
---------------------------------------------------------------------------------
Start Technology Mapping
---------------------------------------------------------------------------------
---------------------------------------------------------------------------------
Finished Technology Mapping : Time (s): cpu = 00:00:34 ; elapsed = 00:00:35 . Memory (MB): peak = 2149.195 ; gain = 1008.105
---------------------------------------------------------------------------------
---------------------------------------------------------------------------------
Start IO Insertion
---------------------------------------------------------------------------------
---------------------------------------------------------------------------------
Start Flattening Before IO Insertion
---------------------------------------------------------------------------------
---------------------------------------------------------------------------------
Finished Flattening Before IO Insertion
---------------------------------------------------------------------------------
---------------------------------------------------------------------------------
Start Final Netlist Cleanup
---------------------------------------------------------------------------------
---------------------------------------------------------------------------------
Finished Final Netlist Cleanup
---------------------------------------------------------------------------------
---------------------------------------------------------------------------------
Finished IO Insertion : Time (s): cpu = 00:00:36 ; elapsed = 00:00:36 . Memory (MB): peak = 2149.195 ; gain = 1008.105
---------------------------------------------------------------------------------
---------------------------------------------------------------------------------
Start Renaming Generated Instances
---------------------------------------------------------------------------------
---------------------------------------------------------------------------------
Finished Renaming Generated Instances : Time (s): cpu = 00:00:36 ; elapsed = 00:00:36 . Memory (MB): peak = 2149.195 ; gain = 1008.105
---------------------------------------------------------------------------------
---------------------------------------------------------------------------------
Start Rebuilding User Hierarchy
---------------------------------------------------------------------------------
---------------------------------------------------------------------------------
Finished Rebuilding User Hierarchy : Time (s): cpu = 00:00:36 ; elapsed = 00:00:37 . Memory (MB): peak = 2149.195 ; gain = 1008.105
---------------------------------------------------------------------------------
---------------------------------------------------------------------------------
Start Renaming Generated Ports
---------------------------------------------------------------------------------
---------------------------------------------------------------------------------
Finished Renaming Generated Ports : Time (s): cpu = 00:00:36 ; elapsed = 00:00:37 . Memory (MB): peak = 2149.195 ; gain = 1008.105
---------------------------------------------------------------------------------
---------------------------------------------------------------------------------
Start Handling Custom Attributes
---------------------------------------------------------------------------------
---------------------------------------------------------------------------------
Finished Handling Custom Attributes : Time (s): cpu = 00:00:36 ; elapsed = 00:00:37 . Memory (MB): peak = 2149.195 ; gain = 1008.105
---------------------------------------------------------------------------------
---------------------------------------------------------------------------------
Start Renaming Generated Nets
---------------------------------------------------------------------------------
---------------------------------------------------------------------------------
Finished Renaming Generated Nets : Time (s): cpu = 00:00:36 ; elapsed = 00:00:37 . Memory (MB): peak = 2149.195 ; gain = 1008.105
---------------------------------------------------------------------------------
---------------------------------------------------------------------------------
Start Writing Synthesis Report
---------------------------------------------------------------------------------

Report BlackBoxes: 
+------+---------------+----------+
|      |BlackBox name  |Instances |
+------+---------------+----------+
|1     |clk_wiz_0      |         1|
|2     |imem_0         |         1|
|3     |imem_1         |         1|
|4     |imem_2         |         1|
|5     |imem_3         |         1|
|6     |imem_4         |         1|
|7     |imem_5         |         1|
|8     |imem_6         |         1|
|9     |imem_7         |         1|
|10    |ila_0          |         1|
|11    |mult_gen_0     |         8|
|12    |dist_mem_gen_1 |         1|
+------+---------------+----------+

Report Cell Usage: 
+------+-------------+------+
|      |Cell         |Count |
+------+-------------+------+
|1     |clk_wiz      |     1|
|2     |dist_mem_gen |     1|
|3     |ila          |     1|
|4     |imem         |     8|
|12    |mult_gen     |     1|
|13    |mult_gen_0_  |     7|
|20    |CARRY4       |   261|
|21    |LUT1         |    17|
|22    |LUT2         |   221|
|23    |LUT3         |  1400|
|24    |LUT4         |   689|
|25    |LUT5         |  3468|
|26    |LUT6         |  4893|
|27    |MUXF7        |   635|
|28    |MUXF8        |   214|
|29    |RAM32M       |    96|
|30    |FDCE         |   288|
|31    |FDRE         |   565|
|32    |FDSE         |     1|
|33    |IBUF         |     1|
+------+-------------+------+
---------------------------------------------------------------------------------
Finished Writing Synthesis Report : Time (s): cpu = 00:00:36 ; elapsed = 00:00:37 . Memory (MB): peak = 2149.195 ; gain = 1008.105
---------------------------------------------------------------------------------
Synthesis finished with 0 errors, 0 critical warnings and 0 warnings.
Synthesis Optimization Runtime : Time (s): cpu = 00:00:31 ; elapsed = 00:00:35 . Memory (MB): peak = 2149.195 ; gain = 880.605
Synthesis Optimization Complete : Time (s): cpu = 00:00:36 ; elapsed = 00:00:37 . Memory (MB): peak = 2149.195 ; gain = 1008.105
INFO: [Project 1-571] Translating synthesized netlist
Netlist sorting complete. Time (s): cpu = 00:00:00 ; elapsed = 00:00:00.116 . Memory (MB): peak = 2149.195 ; gain = 0.000
INFO: [Netlist 29-17] Analyzing 1206 Unisim elements for replacement
INFO: [Netlist 29-28] Unisim Transformation completed in 0 CPU seconds
INFO: [Project 1-570] Preparing netlist for logic optimization
INFO: [Opt 31-138] Pushed 0 inverter(s) to 0 load pin(s).
Netlist sorting complete. Time (s): cpu = 00:00:00 ; elapsed = 00:00:00.001 . Memory (MB): peak = 2149.195 ; gain = 0.000
INFO: [Project 1-111] Unisim Transformation Summary:
  A total of 96 instances were transformed.
  RAM32M => RAM32M (RAMD32(x6), RAMS32(x2)): 96 instances

INFO: [Common 17-83] Releasing license: Synthesis
77 Infos, 10 Warnings, 0 Critical Warnings and 0 Errors encountered.
synth_design completed successfully
synth_design: Time (s): cpu = 00:00:41 ; elapsed = 00:00:43 . Memory (MB): peak = 2149.195 ; gain = 1008.105
INFO: [Common 17-1381] The checkpoint 'F:/GitHub/Digital_Design_MCU-main/v210_MCU_multi_32_50MHz_plus_v3.1.1/prj/v200_MCU_multi.runs/synth_1/top.dcp' has been generated.
INFO: [runtcl-4] Executing : report_utilization -file top_utilization_synth.rpt -pb top_utilization_synth.pb
INFO: [Common 17-206] Exiting Vivado at Sat Jul  5 15:31:21 2025...
